<?xml version="1.0" encoding="UTF-8"?>
<!-- Generated by org.testng.reporters.JUnitReportReporter -->
<testsuite hostname="karthik-PC" name="automationFramework.TestNG" tests="9" failures="0" timestamp="2 Feb 2016 17:19:05 GMT" time="110.810" errors="0">
  <testcase name="testCreateList" time="8.205" classname="automationFramework.TestNG"/>
  <testcase name="testRenameList" time="13.949" classname="automationFramework.TestNG"/>
  <testcase name="testAddProspectToList" time="18.960" classname="automationFramework.TestNG"/>
  <testcase name="testDuplicateList" time="11.757" classname="automationFramework.TestNG"/>
  <testcase name="testsendEmail" time="28.966" classname="automationFramework.TestNG"/>
  <testcase name="testCreateProspect" time="14.560" classname="automationFramework.TestNG"/>
  <testcase name="testLogin" time="2.678" classname="automationFramework.TestNG"/>
  <testcase name="testRecreateList" time="9.759" classname="automationFramework.TestNG"/>
  <testcase name="testLogout" time="1.976" classname="automationFramework.TestNG"/>
</testsuite> <!-- automationFramework.TestNG -->
